<?xml version="1.0" encoding="UTF-8"?>
<!-- Generated by org.testng.reporters.JUnitReportReporter -->
<testsuite skipped="0" hostname="LAPTOP-2QL0S28V" name="com.key2act.test.Masterpage.UserRoles" tests="1" failures="0" timestamp="16 Jan 2020 16:18:55 GMT" time="17.411" errors="0">
  <testcase name="ManageUser" time="17.411" classname="com.key2act.test.Masterpage.UserRoles"/>
</testsuite> <!-- com.key2act.test.Masterpage.UserRoles -->
