<?xml version="1.0" encoding="UTF-8"?>
<!-- Generated by org.testng.reporters.JUnitReportReporter -->
<testsuite skipped="0" hostname="DESKTOP-J1AL87L" name="com.key2act.tests.Login.LoginTest" tests="1" failures="0" timestamp="12 Jan 2020 05:09:55 GMT" time="30.568" errors="0">
  <testcase name="Login" time="30.568" classname="com.key2act.tests.Login.LoginTest"/>
</testsuite> <!-- com.key2act.tests.Login.LoginTest -->
