<?xml version="1.0" encoding="UTF-8"?>
<!-- Generated by org.testng.reporters.JUnitReportReporter -->
<testsuite skipped="0" hostname="DESKTOP-J1AL87L" name="com.key2act.test.DashBoard.CreateCompany" tests="1" failures="0" timestamp="04 Jan 2020 12:08:18 GMT" time="71.290" errors="0">
  <testcase name="CompanyCreation" time="71.290" classname="com.key2act.test.DashBoard.CreateCompany"/>
</testsuite> <!-- com.key2act.test.DashBoard.CreateCompany -->
