<?xml version="1.0" encoding="UTF-8"?>
<!-- Generated by org.testng.reporters.JUnitReportReporter -->
<testsuite skipped="0" hostname="LAPTOP-2QL0S28V" name="com.key2act.test.IOTHub.ManageAgent" tests="1" failures="0" timestamp="18 Jan 2020 23:50:18 GMT" time="40.202" errors="0">
  <testcase name="AgentAction" time="40.202" classname="com.key2act.test.IOTHub.ManageAgent"/>
</testsuite> <!-- com.key2act.test.IOTHub.ManageAgent -->
