<?xml version="1.0" encoding="UTF-8"?>
<!-- Generated by org.testng.reporters.JUnitReportReporter -->
<testsuite skipped="0" hostname="DESKTOP-J1AL87L" name="com.key2act.test.IOTHub.CreateNewAgent" tests="1" failures="0" timestamp="12 Jan 2020 03:45:27 GMT" time="91.503" errors="0">
  <testcase name="AgentCreation" time="91.503" classname="com.key2act.test.IOTHub.CreateNewAgent"/>
</testsuite> <!-- com.key2act.test.IOTHub.CreateNewAgent -->
